<?xml version="1.0" encoding="UTF-8"?>
<!-- Generated by org.testng.reporters.JUnitReportReporter -->
<testsuite skipped="0" hostname="ABCGYDCTAPP126" name="Test.Functions_II" tests="5" failures="0" timestamp="01 Feb 2019 12:28:58 GMT" time="293.294" errors="0">
  <testcase name="TC008_VerifySearchedProductDetails" time="40.195" classname="Test.Functions_II"/>
  <testcase name="TC007_SearchedProductDetailsForGLClassOther" time="47.100" classname="Test.Functions_II"/>
  <testcase name="TC006_SearchedProductDetailsForGLClassSeed" time="43.412" classname="Test.Functions_II"/>
  <testcase name="TC005_SearchedProductDetailsForGLClassFert" time="118.214" classname="Test.Functions_II"/>
  <testcase name="TC004_SearchedProductDetailsForGLClassChemical" time="44.373" classname="Test.Functions_II"/>
</testsuite> <!-- Test.Functions_II -->
