<?xml version="1.0" encoding="UTF-8"?>
<!-- Generated by org.testng.reporters.JUnitReportReporter -->
<testsuite skipped="0" hostname="ABCGYDCTAPP126" name="Test.Inventory_Inquiry" tests="3" failures="0" timestamp="04 Feb 2019 08:47:16 GMT" time="100.667" errors="0">
  <testcase name="TC001_Verify_BasicSearch" time="43.137" classname="Test.Inventory_Inquiry"/>
  <testcase name="TC002_Verify_Searched_Productdetails" time="13.773" classname="Test.Inventory_Inquiry"/>
  <testcase name="TC003_Verify_AdvanceSearch" time="43.757" classname="Test.Inventory_Inquiry"/>
</testsuite> <!-- Test.Inventory_Inquiry -->
